<?xml version="1.0" encoding="UTF-8"?>
<!-- Generated by org.testng.reporters.JUnitReportReporter -->
<testsuite hostname="NLAMSHQ3975204L" failures="0" tests="3" name="ServicesApiTest" time="3.032" errors="0" timestamp="2020-12-03T15:19:23 CET" skipped="0">
  <testcase classname="ServicesApiTest" name="getServices_DefaultLimit_ShouldReturn10Results" time="0.038"/>
  <system-out/>
  <testcase classname="ServicesApiTest" name="createService_checkId_ShouldReturnService" time="2.754"/>
  <system-out/>
  <testcase classname="ServicesApiTest" name="getServices_SortByNameAscending_ShouldReturnSortedResults" time="0.240"/>
  <system-out/>
</testsuite> <!-- ServicesApiTest -->
