<?xml version="1.0" encoding="UTF-8"?>
<!-- Generated by org.testng.reporters.JUnitReportReporter -->
<testsuite hostname="NLAMSHQ3975204L" failures="0" tests="1" name="StoresApiTest" time="2.563" errors="0" timestamp="2020-12-03T15:19:23 CET" skipped="0">
  <testcase classname="StoresApiTest" name="getStores_DefaultLimit_ShouldReturn10Results" time="2.563"/>
  <system-out/>
</testsuite> <!-- StoresApiTest -->
